<?xml version="1.0" encoding="UTF-8"?>
<!-- Generated by org.testng.reporters.JUnitReportReporter -->
<testsuite hostname="HB-laptops-054" failures="0" tests="2" name="Automation.class_two" time="10.433" errors="0" timestamp="2021-06-27T13:44:13 EDT" skipped="0">
  <testcase classname="Automation.class_two" name="buttons" time="5.374"/>
  <system-out/>
  <testcase classname="Automation.class_two" name="imagess" time="5.059"/>
  <system-out/>
</testsuite> <!-- Automation.class_two -->
